<?xml version="1.0" encoding="UTF-8"?>
<!-- Generated by org.testng.reporters.JUnitXMLReporter -->
<testsuite ignored="0" hostname="xubuntu" failures="2" tests="4" name="Test" time="0.123" errors="0" timestamp="2022-05-03T11:26:53 CEST">
  <testcase classname="tests.SimpleTestClass" name="test1" time="0.006"/>
  <testcase classname="tests.SimpleTestClass" name="test2" time="0.002">
    <failure type="java.lang.AssertionError" message="Test failed expected [alma] but found [szilva]">
      <![CDATA[java.lang.AssertionError: Test failed expected [alma] but found [szilva]
at tests.SimpleTestClass.test2(SimpleTestClass.java:63)
at java.base/java.util.ArrayList.forEach(ArrayList.java:1511)
... Removed 36 stack frames]]>
    </failure>
  </testcase> <!-- test2 -->
  <testcase classname="tests.SimpleTestClass" name="test3" time="0.003">
    <skipped/>
  </testcase> <!-- test3 -->
  <testcase classname="tests.SimpleTestClass" name="test4" time="0.005">
    <failure type="java.lang.AssertionError" message="The following asserts failed:
	expected [abc] but found [xyz],
	expected [alma] but found [szilva]">
      <![CDATA[java.lang.AssertionError: The following asserts failed:
expected [abc] but found [xyz],
expected [alma] but found [szilva]
at tests.SimpleTestClass.test4(SimpleTestClass.java:81)
at java.base/java.util.ArrayList.forEach(ArrayList.java:1511)
... Removed 33 stack frames]]>
    </failure>
  </testcase> <!-- test4 -->
</testsuite> <!-- Test -->
