<?xml version="1.0" encoding="UTF-8"?>
<testsuite xmlns:xsi="http://www.w3.org/2001/XMLSchema-instance" xsi:noNamespaceSchemaLocation="https://maven.apache.org/surefire/maven-surefire-plugin/xsd/surefire-test-report-3.0.xsd" version="3.0" name="TestSuite" time="49.869" tests="12" errors="0" skipped="1" failures="2">
  <properties>
    <property name="java.specification.version" value="17"/>
    <property name="webdriver.chrome.driver" value="/home/szabo/.cache/selenium/chromedriver/linux64/101.0.4951.41/chromedriver"/>
    <property name="sun.jnu.encoding" value="UTF-8"/>
    <property name="java.class.path" value="/home/szabo/Asztal/Workspace/Selenium/target/test-classes:/home/szabo/Asztal/Workspace/Selenium/target/classes:/home/szabo/.m2/repository/org/seleniumhq/selenium/selenium-java/4.1.3/selenium-java-4.1.3.jar:/home/szabo/.m2/repository/org/seleniumhq/selenium/selenium-api/4.1.3/selenium-api-4.1.3.jar:/home/szabo/.m2/repository/org/seleniumhq/selenium/selenium-chrome-driver/4.1.3/selenium-chrome-driver-4.1.3.jar:/home/szabo/.m2/repository/com/google/auto/service/auto-service-annotations/1.0.1/auto-service-annotations-1.0.1.jar:/home/szabo/.m2/repository/com/google/auto/service/auto-service/1.0.1/auto-service-1.0.1.jar:/home/szabo/.m2/repository/com/google/auto/auto-common/1.2/auto-common-1.2.jar:/home/szabo/.m2/repository/com/google/guava/guava/31.1-jre/guava-31.1-jre.jar:/home/szabo/.m2/repository/com/google/guava/failureaccess/1.0.1/failureaccess-1.0.1.jar:/home/szabo/.m2/repository/com/google/guava/listenablefuture/9999.0-empty-to-avoid-conflict-with-guava/listenablefuture-9999.0-empty-to-avoid-conflict-with-guava.jar:/home/szabo/.m2/repository/org/checkerframework/checker-qual/3.12.0/checker-qual-3.12.0.jar:/home/szabo/.m2/repository/com/google/errorprone/error_prone_annotations/2.11.0/error_prone_annotations-2.11.0.jar:/home/szabo/.m2/repository/com/google/j2objc/j2objc-annotations/1.3/j2objc-annotations-1.3.jar:/home/szabo/.m2/repository/org/seleniumhq/selenium/selenium-chromium-driver/4.1.3/selenium-chromium-driver-4.1.3.jar:/home/szabo/.m2/repository/org/seleniumhq/selenium/selenium-json/4.1.3/selenium-json-4.1.3.jar:/home/szabo/.m2/repository/org/seleniumhq/selenium/selenium-devtools-v85/4.1.3/selenium-devtools-v85-4.1.3.jar:/home/szabo/.m2/repository/org/seleniumhq/selenium/selenium-devtools-v97/4.1.3/selenium-devtools-v97-4.1.3.jar:/home/szabo/.m2/repository/org/seleniumhq/selenium/selenium-devtools-v98/4.1.3/selenium-devtools-v98-4.1.3.jar:/home/szabo/.m2/repository/org/seleniumhq/selenium/selenium-devtools-v99/4.1.3/selenium-devtools-v99-4.1.3.jar:/home/szabo/.m2/repository/org/seleniumhq/selenium/selenium-edge-driver/4.1.3/selenium-edge-driver-4.1.3.jar:/home/szabo/.m2/repository/org/seleniumhq/selenium/selenium-firefox-driver/4.1.3/selenium-firefox-driver-4.1.3.jar:/home/szabo/.m2/repository/org/seleniumhq/selenium/selenium-ie-driver/4.1.3/selenium-ie-driver-4.1.3.jar:/home/szabo/.m2/repository/org/seleniumhq/selenium/selenium-opera-driver/4.1.3/selenium-opera-driver-4.1.3.jar:/home/szabo/.m2/repository/org/seleniumhq/selenium/selenium-remote-driver/4.1.3/selenium-remote-driver-4.1.3.jar:/home/szabo/.m2/repository/io/netty/netty-buffer/4.1.75.Final/netty-buffer-4.1.75.Final.jar:/home/szabo/.m2/repository/io/netty/netty-codec-http/4.1.75.Final/netty-codec-http-4.1.75.Final.jar:/home/szabo/.m2/repository/io/netty/netty-codec/4.1.75.Final/netty-codec-4.1.75.Final.jar:/home/szabo/.m2/repository/io/netty/netty-handler/4.1.75.Final/netty-handler-4.1.75.Final.jar:/home/szabo/.m2/repository/io/netty/netty-common/4.1.75.Final/netty-common-4.1.75.Final.jar:/home/szabo/.m2/repository/io/netty/netty-transport-classes-epoll/4.1.75.Final/netty-transport-classes-epoll-4.1.75.Final.jar:/home/szabo/.m2/repository/io/netty/netty-transport-classes-kqueue/4.1.75.Final/netty-transport-classes-kqueue-4.1.75.Final.jar:/home/szabo/.m2/repository/io/netty/netty-transport-native-epoll/4.1.75.Final/netty-transport-native-epoll-4.1.75.Final.jar:/home/szabo/.m2/repository/io/netty/netty-transport-native-kqueue/4.1.75.Final/netty-transport-native-kqueue-4.1.75.Final.jar:/home/szabo/.m2/repository/io/netty/netty-transport-native-unix-common/4.1.75.Final/netty-transport-native-unix-common-4.1.75.Final.jar:/home/szabo/.m2/repository/io/netty/netty-transport/4.1.75.Final/netty-transport-4.1.75.Final.jar:/home/szabo/.m2/repository/io/netty/netty-resolver/4.1.75.Final/netty-resolver-4.1.75.Final.jar:/home/szabo/.m2/repository/io/opentelemetry/opentelemetry-api/1.12.0/opentelemetry-api-1.12.0.jar:/home/szabo/.m2/repository/io/opentelemetry/opentelemetry-context/1.12.0/opentelemetry-context-1.12.0.jar:/home/szabo/.m2/repository/io/opentelemetry/opentelemetry-exporter-logging/1.12.0/opentelemetry-exporter-logging-1.12.0.jar:/home/szabo/.m2/repository/io/opentelemetry/opentelemetry-sdk-metrics/1.12.0-alpha/opentelemetry-sdk-metrics-1.12.0-alpha.jar:/home/szabo/.m2/repository/io/opentelemetry/opentelemetry-sdk-logs/1.12.0-alpha/opentelemetry-sdk-logs-1.12.0-alpha.jar:/home/szabo/.m2/repository/io/opentelemetry/opentelemetry-sdk-common/1.12.0/opentelemetry-sdk-common-1.12.0.jar:/home/szabo/.m2/repository/io/opentelemetry/opentelemetry-sdk-extension-autoconfigure-spi/1.12.0/opentelemetry-sdk-extension-autoconfigure-spi-1.12.0.jar:/home/szabo/.m2/repository/io/opentelemetry/opentelemetry-sdk-extension-autoconfigure/1.12.0-alpha/opentelemetry-sdk-extension-autoconfigure-1.12.0-alpha.jar:/home/szabo/.m2/repository/io/opentelemetry/opentelemetry-sdk-trace/1.12.0/opentelemetry-sdk-trace-1.12.0.jar:/home/szabo/.m2/repository/io/opentelemetry/opentelemetry-sdk/1.12.0/opentelemetry-sdk-1.12.0.jar:/home/szabo/.m2/repository/io/opentelemetry/opentelemetry-semconv/1.12.0-alpha/opentelemetry-semconv-1.12.0-alpha.jar:/home/szabo/.m2/repository/io/ous/jtoml/2.0.0/jtoml-2.0.0.jar:/home/szabo/.m2/repository/net/bytebuddy/byte-buddy/1.12.8/byte-buddy-1.12.8.jar:/home/szabo/.m2/repository/org/apache/commons/commons-exec/1.3/commons-exec-1.3.jar:/home/szabo/.m2/repository/org/asynchttpclient/async-http-client/2.12.3/async-http-client-2.12.3.jar:/home/szabo/.m2/repository/org/asynchttpclient/async-http-client-netty-utils/2.12.3/async-http-client-netty-utils-2.12.3.jar:/home/szabo/.m2/repository/io/netty/netty-codec-socks/4.1.60.Final/netty-codec-socks-4.1.60.Final.jar:/home/szabo/.m2/repository/io/netty/netty-handler-proxy/4.1.60.Final/netty-handler-proxy-4.1.60.Final.jar:/home/szabo/.m2/repository/io/netty/netty-transport-native-epoll/4.1.60.Final/netty-transport-native-epoll-4.1.60.Final-linux-x86_64.jar:/home/szabo/.m2/repository/io/netty/netty-transport-native-kqueue/4.1.60.Final/netty-transport-native-kqueue-4.1.60.Final-osx-x86_64.jar:/home/szabo/.m2/repository/org/reactivestreams/reactive-streams/1.0.3/reactive-streams-1.0.3.jar:/home/szabo/.m2/repository/com/typesafe/netty/netty-reactive-streams/2.0.4/netty-reactive-streams-2.0.4.jar:/home/szabo/.m2/repository/com/sun/activation/jakarta.activation/1.2.2/jakarta.activation-1.2.2.jar:/home/szabo/.m2/repository/org/seleniumhq/selenium/selenium-http/4.1.3/selenium-http-4.1.3.jar:/home/szabo/.m2/repository/dev/failsafe/failsafe/3.2.3/failsafe-3.2.3.jar:/home/szabo/.m2/repository/org/seleniumhq/selenium/selenium-safari-driver/4.1.3/selenium-safari-driver-4.1.3.jar:/home/szabo/.m2/repository/org/seleniumhq/selenium/selenium-support/4.1.3/selenium-support-4.1.3.jar:/home/szabo/.m2/repository/io/github/bonigarcia/webdrivermanager/5.1.1/webdrivermanager-5.1.1.jar:/home/szabo/.m2/repository/org/slf4j/slf4j-api/1.7.36/slf4j-api-1.7.36.jar:/home/szabo/.m2/repository/com/google/code/gson/gson/2.9.0/gson-2.9.0.jar:/home/szabo/.m2/repository/com/github/docker-java/docker-java/3.2.13/docker-java-3.2.13.jar:/home/szabo/.m2/repository/com/github/docker-java/docker-java-core/3.2.13/docker-java-core-3.2.13.jar:/home/szabo/.m2/repository/com/github/docker-java/docker-java-api/3.2.13/docker-java-api-3.2.13.jar:/home/szabo/.m2/repository/com/fasterxml/jackson/core/jackson-annotations/2.10.3/jackson-annotations-2.10.3.jar:/home/szabo/.m2/repository/commons-io/commons-io/2.6/commons-io-2.6.jar:/home/szabo/.m2/repository/org/apache/commons/commons-compress/1.21/commons-compress-1.21.jar:/home/szabo/.m2/repository/com/fasterxml/jackson/core/jackson-databind/2.10.3/jackson-databind-2.10.3.jar:/home/szabo/.m2/repository/com/fasterxml/jackson/core/jackson-core/2.10.3/jackson-core-2.10.3.jar:/home/szabo/.m2/repository/org/bouncycastle/bcpkix-jdk15on/1.64/bcpkix-jdk15on-1.64.jar:/home/szabo/.m2/repository/org/bouncycastle/bcprov-jdk15on/1.64/bcprov-jdk15on-1.64.jar:/home/szabo/.m2/repository/org/slf4j/jcl-over-slf4j/1.7.30/jcl-over-slf4j-1.7.30.jar:/home/szabo/.m2/repository/com/github/docker-java/docker-java-transport-httpclient5/3.2.13/docker-java-transport-httpclient5-3.2.13.jar:/home/szabo/.m2/repository/com/github/docker-java/docker-java-transport/3.2.13/docker-java-transport-3.2.13.jar:/home/szabo/.m2/repository/net/java/dev/jna/jna/5.8.0/jna-5.8.0.jar:/home/szabo/.m2/repository/org/brotli/dec/0.1.2/dec-0.1.2.jar:/home/szabo/.m2/repository/org/apache/commons/commons-lang3/3.12.0/commons-lang3-3.12.0.jar:/home/szabo/.m2/repository/org/apache/httpcomponents/client5/httpclient5/5.1.3/httpclient5-5.1.3.jar:/home/szabo/.m2/repository/org/apache/httpcomponents/core5/httpcore5/5.1.3/httpcore5-5.1.3.jar:/home/szabo/.m2/repository/org/apache/httpcomponents/core5/httpcore5-h2/5.1.3/httpcore5-h2-5.1.3.jar:/home/szabo/.m2/repository/commons-codec/commons-codec/1.15/commons-codec-1.15.jar:/home/szabo/.m2/repository/org/testng/testng/7.5/testng-7.5.jar:/home/szabo/.m2/repository/com/google/code/findbugs/jsr305/3.0.1/jsr305-3.0.1.jar:/home/szabo/.m2/repository/com/beust/jcommander/1.78/jcommander-1.78.jar:/home/szabo/.m2/repository/org/webjars/jquery/3.5.1/jquery-3.5.1.jar:"/>
    <property name="java.vm.vendor" value="Eclipse Adoptium"/>
    <property name="sun.arch.data.model" value="64"/>
    <property name="java.vendor.url" value="https://adoptium.net/"/>
    <property name="user.timezone" value="Europe/Budapest"/>
    <property name="os.name" value="Linux"/>
    <property name="java.vm.specification.version" value="17"/>
    <property name="sun.java.launcher" value="SUN_STANDARD"/>
    <property name="user.country" value="HU"/>
    <property name="sun.boot.library.path" value="/opt/jdk-17.0.2+8/lib"/>
    <property name="sun.java.command" value="/home/szabo/Asztal/Workspace/Selenium/target/surefire/surefirebooter482815001728281410.jar /home/szabo/Asztal/Workspace/Selenium/target/surefire 2022-05-10T12-04-28_524-jvmRun1 surefire6520749305312611382tmp surefire_018404615903667575475tmp"/>
    <property name="jdk.debug" value="release"/>
    <property name="surefire.test.class.path" value="/home/szabo/Asztal/Workspace/Selenium/target/test-classes:/home/szabo/Asztal/Workspace/Selenium/target/classes:/home/szabo/.m2/repository/org/seleniumhq/selenium/selenium-java/4.1.3/selenium-java-4.1.3.jar:/home/szabo/.m2/repository/org/seleniumhq/selenium/selenium-api/4.1.3/selenium-api-4.1.3.jar:/home/szabo/.m2/repository/org/seleniumhq/selenium/selenium-chrome-driver/4.1.3/selenium-chrome-driver-4.1.3.jar:/home/szabo/.m2/repository/com/google/auto/service/auto-service-annotations/1.0.1/auto-service-annotations-1.0.1.jar:/home/szabo/.m2/repository/com/google/auto/service/auto-service/1.0.1/auto-service-1.0.1.jar:/home/szabo/.m2/repository/com/google/auto/auto-common/1.2/auto-common-1.2.jar:/home/szabo/.m2/repository/com/google/guava/guava/31.1-jre/guava-31.1-jre.jar:/home/szabo/.m2/repository/com/google/guava/failureaccess/1.0.1/failureaccess-1.0.1.jar:/home/szabo/.m2/repository/com/google/guava/listenablefuture/9999.0-empty-to-avoid-conflict-with-guava/listenablefuture-9999.0-empty-to-avoid-conflict-with-guava.jar:/home/szabo/.m2/repository/org/checkerframework/checker-qual/3.12.0/checker-qual-3.12.0.jar:/home/szabo/.m2/repository/com/google/errorprone/error_prone_annotations/2.11.0/error_prone_annotations-2.11.0.jar:/home/szabo/.m2/repository/com/google/j2objc/j2objc-annotations/1.3/j2objc-annotations-1.3.jar:/home/szabo/.m2/repository/org/seleniumhq/selenium/selenium-chromium-driver/4.1.3/selenium-chromium-driver-4.1.3.jar:/home/szabo/.m2/repository/org/seleniumhq/selenium/selenium-json/4.1.3/selenium-json-4.1.3.jar:/home/szabo/.m2/repository/org/seleniumhq/selenium/selenium-devtools-v85/4.1.3/selenium-devtools-v85-4.1.3.jar:/home/szabo/.m2/repository/org/seleniumhq/selenium/selenium-devtools-v97/4.1.3/selenium-devtools-v97-4.1.3.jar:/home/szabo/.m2/repository/org/seleniumhq/selenium/selenium-devtools-v98/4.1.3/selenium-devtools-v98-4.1.3.jar:/home/szabo/.m2/repository/org/seleniumhq/selenium/selenium-devtools-v99/4.1.3/selenium-devtools-v99-4.1.3.jar:/home/szabo/.m2/repository/org/seleniumhq/selenium/selenium-edge-driver/4.1.3/selenium-edge-driver-4.1.3.jar:/home/szabo/.m2/repository/org/seleniumhq/selenium/selenium-firefox-driver/4.1.3/selenium-firefox-driver-4.1.3.jar:/home/szabo/.m2/repository/org/seleniumhq/selenium/selenium-ie-driver/4.1.3/selenium-ie-driver-4.1.3.jar:/home/szabo/.m2/repository/org/seleniumhq/selenium/selenium-opera-driver/4.1.3/selenium-opera-driver-4.1.3.jar:/home/szabo/.m2/repository/org/seleniumhq/selenium/selenium-remote-driver/4.1.3/selenium-remote-driver-4.1.3.jar:/home/szabo/.m2/repository/io/netty/netty-buffer/4.1.75.Final/netty-buffer-4.1.75.Final.jar:/home/szabo/.m2/repository/io/netty/netty-codec-http/4.1.75.Final/netty-codec-http-4.1.75.Final.jar:/home/szabo/.m2/repository/io/netty/netty-codec/4.1.75.Final/netty-codec-4.1.75.Final.jar:/home/szabo/.m2/repository/io/netty/netty-handler/4.1.75.Final/netty-handler-4.1.75.Final.jar:/home/szabo/.m2/repository/io/netty/netty-common/4.1.75.Final/netty-common-4.1.75.Final.jar:/home/szabo/.m2/repository/io/netty/netty-transport-classes-epoll/4.1.75.Final/netty-transport-classes-epoll-4.1.75.Final.jar:/home/szabo/.m2/repository/io/netty/netty-transport-classes-kqueue/4.1.75.Final/netty-transport-classes-kqueue-4.1.75.Final.jar:/home/szabo/.m2/repository/io/netty/netty-transport-native-epoll/4.1.75.Final/netty-transport-native-epoll-4.1.75.Final.jar:/home/szabo/.m2/repository/io/netty/netty-transport-native-kqueue/4.1.75.Final/netty-transport-native-kqueue-4.1.75.Final.jar:/home/szabo/.m2/repository/io/netty/netty-transport-native-unix-common/4.1.75.Final/netty-transport-native-unix-common-4.1.75.Final.jar:/home/szabo/.m2/repository/io/netty/netty-transport/4.1.75.Final/netty-transport-4.1.75.Final.jar:/home/szabo/.m2/repository/io/netty/netty-resolver/4.1.75.Final/netty-resolver-4.1.75.Final.jar:/home/szabo/.m2/repository/io/opentelemetry/opentelemetry-api/1.12.0/opentelemetry-api-1.12.0.jar:/home/szabo/.m2/repository/io/opentelemetry/opentelemetry-context/1.12.0/opentelemetry-context-1.12.0.jar:/home/szabo/.m2/repository/io/opentelemetry/opentelemetry-exporter-logging/1.12.0/opentelemetry-exporter-logging-1.12.0.jar:/home/szabo/.m2/repository/io/opentelemetry/opentelemetry-sdk-metrics/1.12.0-alpha/opentelemetry-sdk-metrics-1.12.0-alpha.jar:/home/szabo/.m2/repository/io/opentelemetry/opentelemetry-sdk-logs/1.12.0-alpha/opentelemetry-sdk-logs-1.12.0-alpha.jar:/home/szabo/.m2/repository/io/opentelemetry/opentelemetry-sdk-common/1.12.0/opentelemetry-sdk-common-1.12.0.jar:/home/szabo/.m2/repository/io/opentelemetry/opentelemetry-sdk-extension-autoconfigure-spi/1.12.0/opentelemetry-sdk-extension-autoconfigure-spi-1.12.0.jar:/home/szabo/.m2/repository/io/opentelemetry/opentelemetry-sdk-extension-autoconfigure/1.12.0-alpha/opentelemetry-sdk-extension-autoconfigure-1.12.0-alpha.jar:/home/szabo/.m2/repository/io/opentelemetry/opentelemetry-sdk-trace/1.12.0/opentelemetry-sdk-trace-1.12.0.jar:/home/szabo/.m2/repository/io/opentelemetry/opentelemetry-sdk/1.12.0/opentelemetry-sdk-1.12.0.jar:/home/szabo/.m2/repository/io/opentelemetry/opentelemetry-semconv/1.12.0-alpha/opentelemetry-semconv-1.12.0-alpha.jar:/home/szabo/.m2/repository/io/ous/jtoml/2.0.0/jtoml-2.0.0.jar:/home/szabo/.m2/repository/net/bytebuddy/byte-buddy/1.12.8/byte-buddy-1.12.8.jar:/home/szabo/.m2/repository/org/apache/commons/commons-exec/1.3/commons-exec-1.3.jar:/home/szabo/.m2/repository/org/asynchttpclient/async-http-client/2.12.3/async-http-client-2.12.3.jar:/home/szabo/.m2/repository/org/asynchttpclient/async-http-client-netty-utils/2.12.3/async-http-client-netty-utils-2.12.3.jar:/home/szabo/.m2/repository/io/netty/netty-codec-socks/4.1.60.Final/netty-codec-socks-4.1.60.Final.jar:/home/szabo/.m2/repository/io/netty/netty-handler-proxy/4.1.60.Final/netty-handler-proxy-4.1.60.Final.jar:/home/szabo/.m2/repository/io/netty/netty-transport-native-epoll/4.1.60.Final/netty-transport-native-epoll-4.1.60.Final-linux-x86_64.jar:/home/szabo/.m2/repository/io/netty/netty-transport-native-kqueue/4.1.60.Final/netty-transport-native-kqueue-4.1.60.Final-osx-x86_64.jar:/home/szabo/.m2/repository/org/reactivestreams/reactive-streams/1.0.3/reactive-streams-1.0.3.jar:/home/szabo/.m2/repository/com/typesafe/netty/netty-reactive-streams/2.0.4/netty-reactive-streams-2.0.4.jar:/home/szabo/.m2/repository/com/sun/activation/jakarta.activation/1.2.2/jakarta.activation-1.2.2.jar:/home/szabo/.m2/repository/org/seleniumhq/selenium/selenium-http/4.1.3/selenium-http-4.1.3.jar:/home/szabo/.m2/repository/dev/failsafe/failsafe/3.2.3/failsafe-3.2.3.jar:/home/szabo/.m2/repository/org/seleniumhq/selenium/selenium-safari-driver/4.1.3/selenium-safari-driver-4.1.3.jar:/home/szabo/.m2/repository/org/seleniumhq/selenium/selenium-support/4.1.3/selenium-support-4.1.3.jar:/home/szabo/.m2/repository/io/github/bonigarcia/webdrivermanager/5.1.1/webdrivermanager-5.1.1.jar:/home/szabo/.m2/repository/org/slf4j/slf4j-api/1.7.36/slf4j-api-1.7.36.jar:/home/szabo/.m2/repository/com/google/code/gson/gson/2.9.0/gson-2.9.0.jar:/home/szabo/.m2/repository/com/github/docker-java/docker-java/3.2.13/docker-java-3.2.13.jar:/home/szabo/.m2/repository/com/github/docker-java/docker-java-core/3.2.13/docker-java-core-3.2.13.jar:/home/szabo/.m2/repository/com/github/docker-java/docker-java-api/3.2.13/docker-java-api-3.2.13.jar:/home/szabo/.m2/repository/com/fasterxml/jackson/core/jackson-annotations/2.10.3/jackson-annotations-2.10.3.jar:/home/szabo/.m2/repository/commons-io/commons-io/2.6/commons-io-2.6.jar:/home/szabo/.m2/repository/org/apache/commons/commons-compress/1.21/commons-compress-1.21.jar:/home/szabo/.m2/repository/com/fasterxml/jackson/core/jackson-databind/2.10.3/jackson-databind-2.10.3.jar:/home/szabo/.m2/repository/com/fasterxml/jackson/core/jackson-core/2.10.3/jackson-core-2.10.3.jar:/home/szabo/.m2/repository/org/bouncycastle/bcpkix-jdk15on/1.64/bcpkix-jdk15on-1.64.jar:/home/szabo/.m2/repository/org/bouncycastle/bcprov-jdk15on/1.64/bcprov-jdk15on-1.64.jar:/home/szabo/.m2/repository/org/slf4j/jcl-over-slf4j/1.7.30/jcl-over-slf4j-1.7.30.jar:/home/szabo/.m2/repository/com/github/docker-java/docker-java-transport-httpclient5/3.2.13/docker-java-transport-httpclient5-3.2.13.jar:/home/szabo/.m2/repository/com/github/docker-java/docker-java-transport/3.2.13/docker-java-transport-3.2.13.jar:/home/szabo/.m2/repository/net/java/dev/jna/jna/5.8.0/jna-5.8.0.jar:/home/szabo/.m2/repository/org/brotli/dec/0.1.2/dec-0.1.2.jar:/home/szabo/.m2/repository/org/apache/commons/commons-lang3/3.12.0/commons-lang3-3.12.0.jar:/home/szabo/.m2/repository/org/apache/httpcomponents/client5/httpclient5/5.1.3/httpclient5-5.1.3.jar:/home/szabo/.m2/repository/org/apache/httpcomponents/core5/httpcore5/5.1.3/httpcore5-5.1.3.jar:/home/szabo/.m2/repository/org/apache/httpcomponents/core5/httpcore5-h2/5.1.3/httpcore5-h2-5.1.3.jar:/home/szabo/.m2/repository/commons-codec/commons-codec/1.15/commons-codec-1.15.jar:/home/szabo/.m2/repository/org/testng/testng/7.5/testng-7.5.jar:/home/szabo/.m2/repository/com/google/code/findbugs/jsr305/3.0.1/jsr305-3.0.1.jar:/home/szabo/.m2/repository/com/beust/jcommander/1.78/jcommander-1.78.jar:/home/szabo/.m2/repository/org/webjars/jquery/3.5.1/jquery-3.5.1.jar:"/>
    <property name="sun.cpu.endian" value="little"/>
    <property name="user.home" value="/home/szabo"/>
    <property name="user.language" value="hu"/>
    <property name="java.specification.vendor" value="Oracle Corporation"/>
    <property name="java.version.date" value="2022-01-18"/>
    <property name="java.home" value="/opt/jdk-17.0.2+8"/>
    <property name="file.separator" value="/"/>
    <property name="basedir" value="/home/szabo/Asztal/Workspace/Selenium"/>
    <property name="java.vm.compressedOopsMode" value="32-bit"/>
    <property name="line.separator" value="&#10;"/>
    <property name="java.vm.specification.vendor" value="Oracle Corporation"/>
    <property name="java.specification.name" value="Java Platform API Specification"/>
    <property name="surefire.real.class.path" value="/home/szabo/Asztal/Workspace/Selenium/target/surefire/surefirebooter482815001728281410.jar"/>
    <property name="sun.management.compiler" value="HotSpot 64-Bit Tiered Compilers"/>
    <property name="java.runtime.version" value="17.0.2+8"/>
    <property name="user.name" value="szabo"/>
    <property name="path.separator" value=":"/>
    <property name="os.version" value="5.4.0-109-generic"/>
    <property name="java.runtime.name" value="OpenJDK Runtime Environment"/>
    <property name="file.encoding" value="UTF-8"/>
    <property name="java.vm.name" value="OpenJDK 64-Bit Server VM"/>
    <property name="java.vendor.version" value="Temurin-17.0.2+8"/>
    <property name="localRepository" value="/home/szabo/.m2/repository"/>
    <property name="java.vendor.url.bug" value="https://github.com/adoptium/adoptium-support/issues"/>
    <property name="java.io.tmpdir" value="/tmp"/>
    <property name="java.version" value="17.0.2"/>
    <property name="user.dir" value="/home/szabo/Asztal/Workspace/Selenium"/>
    <property name="os.arch" value="amd64"/>
    <property name="java.vm.specification.name" value="Java Virtual Machine Specification"/>
    <property name="native.encoding" value="UTF-8"/>
    <property name="java.library.path" value="/usr/java/packages/lib:/usr/lib64:/lib64:/lib:/usr/lib"/>
    <property name="java.vm.info" value="mixed mode, sharing"/>
    <property name="java.vendor" value="Eclipse Adoptium"/>
    <property name="java.vm.version" value="17.0.2+8"/>
    <property name="sun.io.unicode.encoding" value="UnicodeLittle"/>
    <property name="java.class.version" value="61.0"/>
  </properties>
  <testcase name="test1" classname="tests.SimpleTestClass" time="4.221">
    <system-err><![CDATA[SLF4J: Failed to load class "org.slf4j.impl.StaticLoggerBinder".
SLF4J: Defaulting to no-operation (NOP) logger implementation
SLF4J: See http://www.slf4j.org/codes.html#StaticLoggerBinder for further details.
Starting ChromeDriver 101.0.4951.41 (93c720db8323b3ec10d056025ab95c23a31997c9-refs/branch-heads/4951@{#904}) on port 36410
Only local connections are allowed.
Please see https://chromedriver.chromium.org/security-considerations for suggestions on keeping ChromeDriver safe.
ChromeDriver was started successfully.
máj. 10, 2022 12:04:33 DU. org.openqa.selenium.remote.ProtocolHandshake createSession
INFO: Detected dialect: W3C
máj. 10, 2022 12:04:33 DU. org.openqa.selenium.devtools.CdpVersionFinder findNearestMatch
WARNING: Unable to find an exact match for CDP version 101, so returning the closest version found: 99
máj. 10, 2022 12:04:33 DU. org.openqa.selenium.devtools.CdpVersionFinder findNearestMatch
INFO: Found CDP implementation for version 101 of 99
]]></system-err>
  </testcase>
  <testcase name="test10" classname="tests.SimpleTestClass" time="0.83"/>
  <testcase name="test11" classname="tests.SimpleTestClass" time="2.628">
    <system-out><![CDATA[Hello! I am an alert box!
]]></system-out>
  </testcase>
  <testcase name="test2" classname="tests.SimpleTestClass" time="0.029">
    <failure message="Test failed expected [alma] but found [szilva]" type="java.lang.AssertionError"><![CDATA[java.lang.AssertionError: Test failed expected [alma] but found [szilva]
	at org.testng.Assert.fail(Assert.java:110)
	at org.testng.Assert.failNotEquals(Assert.java:1413)
	at org.testng.Assert.assertEqualsImpl(Assert.java:149)
	at org.testng.Assert.assertEquals(Assert.java:131)
	at org.testng.Assert.assertEquals(Assert.java:655)
	at tests.SimpleTestClass.test2(SimpleTestClass.java:110)
	at java.base/jdk.internal.reflect.NativeMethodAccessorImpl.invoke0(Native Method)
	at java.base/jdk.internal.reflect.NativeMethodAccessorImpl.invoke(NativeMethodAccessorImpl.java:77)
	at java.base/jdk.internal.reflect.DelegatingMethodAccessorImpl.invoke(DelegatingMethodAccessorImpl.java:43)
	at java.base/java.lang.reflect.Method.invoke(Method.java:568)
	at org.testng.internal.invokers.MethodInvocationHelper.invokeMethod(MethodInvocationHelper.java:135)
	at org.testng.internal.invokers.TestInvoker.invokeMethod(TestInvoker.java:673)
	at org.testng.internal.invokers.TestInvoker.invokeTestMethod(TestInvoker.java:220)
	at org.testng.internal.invokers.MethodRunner.runInSequence(MethodRunner.java:50)
	at org.testng.internal.invokers.TestInvoker$MethodInvocationAgent.invoke(TestInvoker.java:945)
	at org.testng.internal.invokers.TestInvoker.invokeTestMethods(TestInvoker.java:193)
	at org.testng.internal.invokers.TestMethodWorker.invokeTestMethods(TestMethodWorker.java:146)
	at org.testng.internal.invokers.TestMethodWorker.run(TestMethodWorker.java:128)
	at java.base/java.util.ArrayList.forEach(ArrayList.java:1511)
	at org.testng.TestRunner.privateRun(TestRunner.java:808)
	at org.testng.TestRunner.run(TestRunner.java:603)
	at org.testng.SuiteRunner.runTest(SuiteRunner.java:429)
	at org.testng.SuiteRunner.runSequentially(SuiteRunner.java:423)
	at org.testng.SuiteRunner.privateRun(SuiteRunner.java:383)
	at org.testng.SuiteRunner.run(SuiteRunner.java:326)
	at org.testng.SuiteRunnerWorker.runSuite(SuiteRunnerWorker.java:52)
	at org.testng.SuiteRunnerWorker.run(SuiteRunnerWorker.java:95)
	at org.testng.TestNG.runSuitesSequentially(TestNG.java:1249)
	at org.testng.TestNG.runSuitesLocally(TestNG.java:1169)
	at org.testng.TestNG.runSuites(TestNG.java:1092)
	at org.testng.TestNG.run(TestNG.java:1060)
	at org.apache.maven.surefire.testng.TestNGExecutor.run(TestNGExecutor.java:324)
	at org.apache.maven.surefire.testng.TestNGXmlTestSuite.execute(TestNGXmlTestSuite.java:74)
	at org.apache.maven.surefire.testng.TestNGProvider.invoke(TestNGProvider.java:123)
	at org.apache.maven.surefire.booter.ForkedBooter.runSuitesInProcess(ForkedBooter.java:456)
	at org.apache.maven.surefire.booter.ForkedBooter.execute(ForkedBooter.java:169)
	at org.apache.maven.surefire.booter.ForkedBooter.run(ForkedBooter.java:595)
	at org.apache.maven.surefire.booter.ForkedBooter.main(ForkedBooter.java:581)
]]></failure>
    <system-out><![CDATA[test2
]]></system-out>
  </testcase>
  <testcase name="test3" classname="tests.SimpleTestClass" time="0">
    <skipped message="Skipped"/>
    <system-out><![CDATA[test3
]]></system-out>
  </testcase>
  <testcase name="test4" classname="tests.SimpleTestClass" time="0.027">
    <failure message="The following asserts failed:&#10;	expected [abc] but found [xyz],&#10;	expected [alma] but found [szilva]" type="java.lang.AssertionError"><![CDATA[java.lang.AssertionError: 
The following asserts failed:
	expected [abc] but found [xyz],
	expected [alma] but found [szilva]
	at org.testng.asserts.SoftAssert.assertAll(SoftAssert.java:46)
	at org.testng.asserts.SoftAssert.assertAll(SoftAssert.java:30)
	at tests.SimpleTestClass.test4(SimpleTestClass.java:128)
	at java.base/jdk.internal.reflect.NativeMethodAccessorImpl.invoke0(Native Method)
	at java.base/jdk.internal.reflect.NativeMethodAccessorImpl.invoke(NativeMethodAccessorImpl.java:77)
	at java.base/jdk.internal.reflect.DelegatingMethodAccessorImpl.invoke(DelegatingMethodAccessorImpl.java:43)
	at java.base/java.lang.reflect.Method.invoke(Method.java:568)
	at org.testng.internal.invokers.MethodInvocationHelper.invokeMethod(MethodInvocationHelper.java:135)
	at org.testng.internal.invokers.TestInvoker.invokeMethod(TestInvoker.java:673)
	at org.testng.internal.invokers.TestInvoker.invokeTestMethod(TestInvoker.java:220)
	at org.testng.internal.invokers.MethodRunner.runInSequence(MethodRunner.java:50)
	at org.testng.internal.invokers.TestInvoker$MethodInvocationAgent.invoke(TestInvoker.java:945)
	at org.testng.internal.invokers.TestInvoker.invokeTestMethods(TestInvoker.java:193)
	at org.testng.internal.invokers.TestMethodWorker.invokeTestMethods(TestMethodWorker.java:146)
	at org.testng.internal.invokers.TestMethodWorker.run(TestMethodWorker.java:128)
	at java.base/java.util.ArrayList.forEach(ArrayList.java:1511)
	at org.testng.TestRunner.privateRun(TestRunner.java:808)
	at org.testng.TestRunner.run(TestRunner.java:603)
	at org.testng.SuiteRunner.runTest(SuiteRunner.java:429)
	at org.testng.SuiteRunner.runSequentially(SuiteRunner.java:423)
	at org.testng.SuiteRunner.privateRun(SuiteRunner.java:383)
	at org.testng.SuiteRunner.run(SuiteRunner.java:326)
	at org.testng.SuiteRunnerWorker.runSuite(SuiteRunnerWorker.java:52)
	at org.testng.SuiteRunnerWorker.run(SuiteRunnerWorker.java:95)
	at org.testng.TestNG.runSuitesSequentially(TestNG.java:1249)
	at org.testng.TestNG.runSuitesLocally(TestNG.java:1169)
	at org.testng.TestNG.runSuites(TestNG.java:1092)
	at org.testng.TestNG.run(TestNG.java:1060)
	at org.apache.maven.surefire.testng.TestNGExecutor.run(TestNGExecutor.java:324)
	at org.apache.maven.surefire.testng.TestNGXmlTestSuite.execute(TestNGXmlTestSuite.java:74)
	at org.apache.maven.surefire.testng.TestNGProvider.invoke(TestNGProvider.java:123)
	at org.apache.maven.surefire.booter.ForkedBooter.runSuitesInProcess(ForkedBooter.java:456)
	at org.apache.maven.surefire.booter.ForkedBooter.execute(ForkedBooter.java:169)
	at org.apache.maven.surefire.booter.ForkedBooter.run(ForkedBooter.java:595)
	at org.apache.maven.surefire.booter.ForkedBooter.main(ForkedBooter.java:581)
]]></failure>
  </testcase>
  <testcase name="test5" classname="tests.SimpleTestClass" time="0.021"/>
  <testcase name="test6" classname="tests.SimpleTestClass" time="1.873"/>
  <testcase name="test7" classname="tests.SimpleTestClass" time="5.078"/>
  <testcase name="test8" classname="tests.SimpleTestClass" time="0.022"/>
  <testcase name="test9" classname="tests.SimpleTestClass" time="0.547"/>
  <testcase name="logintTest" classname="tests.PomTest" time="3.196"/>
</testsuite>